<?xml version="1.0" encoding="UTF-8"?>
<!-- Generated by org.testng.reporters.JUnitXMLReporter -->
<testsuite ignored="0" hostname="DESKTOP-TIU6G8I" failures="0" tests="6" name="Default test" time="21.208" errors="0" timestamp="2025-08-13T20:39:09 IST">
  <testcase classname="Tests.LoginTest" name="loginTests" time="0.665"/>
  <testcase classname="Tests.LoginTest" name="loginTests" time="0.616"/>
  <testcase classname="Tests.LoginTest" name="loginTests" time="0.467"/>
  <testcase classname="Tests.LoginTest" name="loginTests" time="0.467"/>
  <testcase classname="Tests.LoginTest" name="loginTests" time="0.542"/>
  <testcase classname="Tests.LoginTest" name="verifyLocalStorageAfterLogin" time="0.501"/>
</testsuite> <!-- Default test -->
