<?xml version="1.0" encoding="UTF-8"?>
<testng-results ignored="0" total="6" passed="6" failed="0" skipped="0">
  <reporter-output>
  </reporter-output>
  <suite started-at="2025-08-13T20:38:48 IST" name="Default suite" finished-at="2025-08-13T20:39:09 IST" duration-ms="21208">
    <groups>
    </groups>
    <test started-at="2025-08-13T20:38:48 IST" name="Default test" finished-at="2025-08-13T20:39:09 IST" duration-ms="21208">
      <class name="Tests.LoginTest">
        <test-method is-config="true" signature="setUpExtent()[pri:0, instance:Tests.LoginTest@74e52303]" started-at="2025-08-13T20:38:47 IST" name="setUpExtent" finished-at="2025-08-13T20:38:48 IST" duration-ms="308" status="PASS">
          <reporter-output>
          </reporter-output>
        </test-method> <!-- setUpExtent -->
        <test-method is-config="true" signature="setUp(java.lang.reflect.Method)[pri:0, instance:Tests.LoginTest@74e52303]" started-at="2025-08-13T20:38:48 IST" name="setUp" finished-at="2025-08-13T20:38:52 IST" duration-ms="3925" status="PASS">
          <params>
            <param index="0">
              <value>
                <![CDATA[public void Tests.LoginTest.loginTests(java.lang.String,java.lang.String,java.lang.String)]]>
              </value>
            </param>
          </params>
          <reporter-output>
          </reporter-output>
        </test-method> <!-- setUp -->
        <test-method signature="loginTests(java.lang.String,java.lang.String,java.lang.String)[pri:0, instance:Tests.LoginTest@74e52303]" started-at="2025-08-13T20:38:52 IST" name="loginTests" data-provider="loginData" finished-at="2025-08-13T20:38:52 IST" duration-ms="665" status="PASS">
          <params>
            <param index="0">
              <value>
                <![CDATA[standard_user]]>
              </value>
            </param>
            <param index="1">
              <value>
                <![CDATA[secret_sauce]]>
              </value>
            </param>
            <param index="2">
              <value>
                <![CDATA[]]>
              </value>
            </param>
          </params>
          <reporter-output>
          </reporter-output>
        </test-method> <!-- loginTests -->
        <test-method is-config="true" signature="tearDown(org.testng.ITestResult)[pri:0, instance:Tests.LoginTest@74e52303]" started-at="2025-08-13T20:38:52 IST" name="tearDown" finished-at="2025-08-13T20:38:53 IST" duration-ms="230" status="PASS">
          <params>
            <param index="0">
              <value>
                <![CDATA[[TestResult name=loginTests status=SUCCESS method=LoginTest.loginTests(java.lang.String,java.lang.String,java.lang.String)[pri:0, instance:Tests.LoginTest@74e52303] output={null}]]]>
              </value>
            </param>
          </params>
          <reporter-output>
          </reporter-output>
        </test-method> <!-- tearDown -->
        <test-method is-config="true" signature="setUp(java.lang.reflect.Method)[pri:0, instance:Tests.LoginTest@74e52303]" started-at="2025-08-13T20:38:53 IST" name="setUp" finished-at="2025-08-13T20:38:55 IST" duration-ms="2381" status="PASS">
          <params>
            <param index="0">
              <value>
                <![CDATA[public void Tests.LoginTest.loginTests(java.lang.String,java.lang.String,java.lang.String)]]>
              </value>
            </param>
          </params>
          <reporter-output>
          </reporter-output>
        </test-method> <!-- setUp -->
        <test-method signature="loginTests(java.lang.String,java.lang.String,java.lang.String)[pri:0, instance:Tests.LoginTest@74e52303]" started-at="2025-08-13T20:38:55 IST" name="loginTests" data-provider="loginData" finished-at="2025-08-13T20:38:56 IST" duration-ms="616" status="PASS">
          <params>
            <param index="0">
              <value>
                <![CDATA[locked_out_user]]>
              </value>
            </param>
            <param index="1">
              <value>
                <![CDATA[secret_sauce]]>
              </value>
            </param>
            <param index="2">
              <value>
                <![CDATA[Epic sadface: Sorry, this user has been locked out.]]>
              </value>
            </param>
          </params>
          <reporter-output>
          </reporter-output>
        </test-method> <!-- loginTests -->
        <test-method is-config="true" signature="tearDown(org.testng.ITestResult)[pri:0, instance:Tests.LoginTest@74e52303]" started-at="2025-08-13T20:38:56 IST" name="tearDown" finished-at="2025-08-13T20:38:56 IST" duration-ms="218" status="PASS">
          <params>
            <param index="0">
              <value>
                <![CDATA[[TestResult name=loginTests status=SUCCESS method=LoginTest.loginTests(java.lang.String,java.lang.String,java.lang.String)[pri:0, instance:Tests.LoginTest@74e52303] output={null}]]]>
              </value>
            </param>
          </params>
          <reporter-output>
          </reporter-output>
        </test-method> <!-- tearDown -->
        <test-method is-config="true" signature="setUp(java.lang.reflect.Method)[pri:0, instance:Tests.LoginTest@74e52303]" started-at="2025-08-13T20:38:56 IST" name="setUp" finished-at="2025-08-13T20:38:59 IST" duration-ms="2811" status="PASS">
          <params>
            <param index="0">
              <value>
                <![CDATA[public void Tests.LoginTest.loginTests(java.lang.String,java.lang.String,java.lang.String)]]>
              </value>
            </param>
          </params>
          <reporter-output>
          </reporter-output>
        </test-method> <!-- setUp -->
        <test-method signature="loginTests(java.lang.String,java.lang.String,java.lang.String)[pri:0, instance:Tests.LoginTest@74e52303]" started-at="2025-08-13T20:38:59 IST" name="loginTests" data-provider="loginData" finished-at="2025-08-13T20:38:59 IST" duration-ms="467" status="PASS">
          <params>
            <param index="0">
              <value>
                <![CDATA[invalid_user]]>
              </value>
            </param>
            <param index="1">
              <value>
                <![CDATA[wrong_pass]]>
              </value>
            </param>
            <param index="2">
              <value>
                <![CDATA[Epic sadface: Username and password do not match any user in this service]]>
              </value>
            </param>
          </params>
          <reporter-output>
          </reporter-output>
        </test-method> <!-- loginTests -->
        <test-method is-config="true" signature="tearDown(org.testng.ITestResult)[pri:0, instance:Tests.LoginTest@74e52303]" started-at="2025-08-13T20:38:59 IST" name="tearDown" finished-at="2025-08-13T20:38:59 IST" duration-ms="191" status="PASS">
          <params>
            <param index="0">
              <value>
                <![CDATA[[TestResult name=loginTests status=SUCCESS method=LoginTest.loginTests(java.lang.String,java.lang.String,java.lang.String)[pri:0, instance:Tests.LoginTest@74e52303] output={null}]]]>
              </value>
            </param>
          </params>
          <reporter-output>
          </reporter-output>
        </test-method> <!-- tearDown -->
        <test-method is-config="true" signature="setUp(java.lang.reflect.Method)[pri:0, instance:Tests.LoginTest@74e52303]" started-at="2025-08-13T20:38:59 IST" name="setUp" finished-at="2025-08-13T20:39:02 IST" duration-ms="2523" status="PASS">
          <params>
            <param index="0">
              <value>
                <![CDATA[public void Tests.LoginTest.loginTests(java.lang.String,java.lang.String,java.lang.String)]]>
              </value>
            </param>
          </params>
          <reporter-output>
          </reporter-output>
        </test-method> <!-- setUp -->
        <test-method signature="loginTests(java.lang.String,java.lang.String,java.lang.String)[pri:0, instance:Tests.LoginTest@74e52303]" started-at="2025-08-13T20:39:02 IST" name="loginTests" data-provider="loginData" finished-at="2025-08-13T20:39:02 IST" duration-ms="467" status="PASS">
          <params>
            <param index="0">
              <value>
                <![CDATA[]]>
              </value>
            </param>
            <param index="1">
              <value>
                <![CDATA[secret_sauce]]>
              </value>
            </param>
            <param index="2">
              <value>
                <![CDATA[Epic sadface: Username is required]]>
              </value>
            </param>
          </params>
          <reporter-output>
          </reporter-output>
        </test-method> <!-- loginTests -->
        <test-method is-config="true" signature="tearDown(org.testng.ITestResult)[pri:0, instance:Tests.LoginTest@74e52303]" started-at="2025-08-13T20:39:02 IST" name="tearDown" finished-at="2025-08-13T20:39:03 IST" duration-ms="204" status="PASS">
          <params>
            <param index="0">
              <value>
                <![CDATA[[TestResult name=loginTests status=SUCCESS method=LoginTest.loginTests(java.lang.String,java.lang.String,java.lang.String)[pri:0, instance:Tests.LoginTest@74e52303] output={null}]]]>
              </value>
            </param>
          </params>
          <reporter-output>
          </reporter-output>
        </test-method> <!-- tearDown -->
        <test-method is-config="true" signature="setUp(java.lang.reflect.Method)[pri:0, instance:Tests.LoginTest@74e52303]" started-at="2025-08-13T20:39:03 IST" name="setUp" finished-at="2025-08-13T20:39:05 IST" duration-ms="2613" status="PASS">
          <params>
            <param index="0">
              <value>
                <![CDATA[public void Tests.LoginTest.loginTests(java.lang.String,java.lang.String,java.lang.String)]]>
              </value>
            </param>
          </params>
          <reporter-output>
          </reporter-output>
        </test-method> <!-- setUp -->
        <test-method signature="loginTests(java.lang.String,java.lang.String,java.lang.String)[pri:0, instance:Tests.LoginTest@74e52303]" started-at="2025-08-13T20:39:05 IST" name="loginTests" data-provider="loginData" finished-at="2025-08-13T20:39:06 IST" duration-ms="542" status="PASS">
          <params>
            <param index="0">
              <value>
                <![CDATA[standard_user]]>
              </value>
            </param>
            <param index="1">
              <value>
                <![CDATA[]]>
              </value>
            </param>
            <param index="2">
              <value>
                <![CDATA[Epic sadface: Password is required]]>
              </value>
            </param>
          </params>
          <reporter-output>
          </reporter-output>
        </test-method> <!-- loginTests -->
        <test-method is-config="true" signature="tearDown(org.testng.ITestResult)[pri:0, instance:Tests.LoginTest@74e52303]" started-at="2025-08-13T20:39:06 IST" name="tearDown" finished-at="2025-08-13T20:39:06 IST" duration-ms="192" status="PASS">
          <params>
            <param index="0">
              <value>
                <![CDATA[[TestResult name=loginTests status=SUCCESS method=LoginTest.loginTests(java.lang.String,java.lang.String,java.lang.String)[pri:0, instance:Tests.LoginTest@74e52303] output={null}]]]>
              </value>
            </param>
          </params>
          <reporter-output>
          </reporter-output>
        </test-method> <!-- tearDown -->
        <test-method is-config="true" signature="setUp(java.lang.reflect.Method)[pri:0, instance:Tests.LoginTest@74e52303]" started-at="2025-08-13T20:39:06 IST" name="setUp" finished-at="2025-08-13T20:39:08 IST" duration-ms="2421" status="PASS">
          <params>
            <param index="0">
              <value>
                <![CDATA[public void Tests.LoginTest.verifyLocalStorageAfterLogin()]]>
              </value>
            </param>
          </params>
          <reporter-output>
          </reporter-output>
        </test-method> <!-- setUp -->
        <test-method signature="verifyLocalStorageAfterLogin()[pri:0, instance:Tests.LoginTest@74e52303]" started-at="2025-08-13T20:39:08 IST" name="verifyLocalStorageAfterLogin" finished-at="2025-08-13T20:39:09 IST" duration-ms="501" status="PASS">
          <reporter-output>
          </reporter-output>
        </test-method> <!-- verifyLocalStorageAfterLogin -->
        <test-method is-config="true" signature="tearDown(org.testng.ITestResult)[pri:0, instance:Tests.LoginTest@74e52303]" started-at="2025-08-13T20:39:09 IST" name="tearDown" finished-at="2025-08-13T20:39:09 IST" duration-ms="193" status="PASS">
          <params>
            <param index="0">
              <value>
                <![CDATA[[TestResult name=verifyLocalStorageAfterLogin status=SUCCESS method=LoginTest.verifyLocalStorageAfterLogin()[pri:0, instance:Tests.LoginTest@74e52303] output={null}]]]>
              </value>
            </param>
          </params>
          <reporter-output>
          </reporter-output>
        </test-method> <!-- tearDown -->
        <test-method is-config="true" signature="tearDownExtent()[pri:0, instance:Tests.LoginTest@74e52303]" started-at="2025-08-13T20:39:09 IST" name="tearDownExtent" finished-at="2025-08-13T20:39:09 IST" duration-ms="298" status="PASS">
          <reporter-output>
          </reporter-output>
        </test-method> <!-- tearDownExtent -->
      </class> <!-- Tests.LoginTest -->
    </test> <!-- Default test -->
  </suite> <!-- Default suite -->
</testng-results>
