<?xml version="1.0" encoding="UTF-8"?>
<!-- Generated by org.testng.reporters.JUnitXMLReporter -->
<testsuite ignored="0" hostname="DESKTOP-TIU6G8I" failures="0" tests="6" name="Login Test" time="28.285" errors="0" timestamp="2025-08-13T20:16:10 IST">
  <testcase classname="Tests.LoginTest" name="loginTests" time="0.709"/>
  <testcase classname="Tests.LoginTest" name="loginTests" time="0.717"/>
  <testcase classname="Tests.LoginTest" name="loginTests" time="0.545"/>
  <testcase classname="Tests.LoginTest" name="loginTests" time="0.48"/>
  <testcase classname="Tests.LoginTest" name="loginTests" time="0.556"/>
  <testcase classname="Tests.LoginTest" name="verifyLocalStorageAfterLogin" time="0.535"/>
</testsuite> <!-- Login Test -->
